This file contains any messages produced by compilers while
running configure, to aid debugging if configure makes a mistake.

It was created by ESP configure 2.2.1, which was
generated by GNU Autoconf 2.61.  Invocation command line was

  $ ./configure 

## --------- ##
## Platform. ##
## --------- ##

hostname = bullx96
uname -m = x86_64
uname -r = 2.6.32.9-21.fc12.Bull.5.x86_64
uname -s = Linux
uname -v = #1 SMP Tue Mar 16 04:16:43 CET 2010

/usr/bin/uname -p = unknown
/bin/uname -X     = unknown

/bin/arch              = x86_64
/usr/bin/arch -k       = unknown
/usr/convex/getsysinfo = unknown
/usr/bin/hostinfo      = unknown
/bin/machine           = unknown
/usr/bin/oslevel       = unknown
/bin/universe          = unknown

PATH: /opt/mpi/bullxmpi/1.0.1/bin
PATH: /usr/local/slurm-2.2.0-0.pre4/alias-bin
PATH: /usr/kerberos/sbin
PATH: /usr/kerberos/bin
PATH: /opt/cuda/2.3//bin
PATH: /usr/local/bin
PATH: /bin
PATH: /usr/bin
PATH: /usr/local/sbin
PATH: /usr/sbin
PATH: /sbin
PATH: /home_nfs/georgioy/bin


## ----------- ##
## Core tests. ##
## ----------- ##

configure:1696: checking for a BSD-compatible install
configure:1752: result: /usr/bin/install -c
configure:1763: checking whether build environment is sane
configure:1806: result: yes
configure:1834: checking for a thread-safe mkdir -p
configure:1873: result: /bin/mkdir -p
configure:1886: checking for gawk
configure:1902: found /bin/gawk
configure:1913: result: gawk
configure:1924: checking whether make sets $(MAKE)
configure:1945: result: yes
configure:2282: creating ./config.status

## ---------------------- ##
## Running config.status. ##
## ---------------------- ##

This file was extended by ESP config.status 2.2.1, which was
generated by GNU Autoconf 2.61.  Invocation command line was

  CONFIG_FILES    = 
  CONFIG_HEADERS  = 
  CONFIG_LINKS    = 
  CONFIG_COMMANDS = 
  $ ./config.status 

on bullx96

config.status:589: creating Makefile
configure:3247: === configuring in src (/home_nfs/georgioy/BENCHS/esp-2.2.1/src)
configure:3350: running /bin/sh ./configure '--prefix=/home_nfs/georgioy/BENCHS/esp-2.2.1'  --cache-file=/dev/null --srcdir=.
configure:3355: error: ./configure failed for src

## ---------------- ##
## Cache variables. ##
## ---------------- ##

ac_cv_env_build_alias_set=
ac_cv_env_build_alias_value=
ac_cv_env_host_alias_set=
ac_cv_env_host_alias_value=
ac_cv_env_target_alias_set=
ac_cv_env_target_alias_value=
ac_cv_path_install='/usr/bin/install -c'
ac_cv_path_mkdir=/bin/mkdir
ac_cv_prog_AWK=gawk
ac_cv_prog_make_make_set=yes

## ----------------- ##
## Output variables. ##
## ----------------- ##

ACLOCAL='${SHELL} /home_nfs/georgioy/BENCHS/esp-2.2.1/config/missing --run aclocal-1.10'
AMTAR='${SHELL} /home_nfs/georgioy/BENCHS/esp-2.2.1/config/missing --run tar'
AUTOCONF='${SHELL} /home_nfs/georgioy/BENCHS/esp-2.2.1/config/missing --run autoconf'
AUTOHEADER='${SHELL} /home_nfs/georgioy/BENCHS/esp-2.2.1/config/missing --run autoheader'
AUTOMAKE='${SHELL} /home_nfs/georgioy/BENCHS/esp-2.2.1/config/missing --run automake-1.10'
AWK='gawk'
CYGPATH_W='echo'
DEFS='-DPACKAGE_NAME=\"ESP\" -DPACKAGE_TARNAME=\"esp\" -DPACKAGE_VERSION=\"2.2.1\" -DPACKAGE_STRING=\"ESP\ 2.2.1\" -DPACKAGE_BUGREPORT=\"rkowen_at_nersc.gov\" -DPACKAGE=\"esp\" -DVERSION=\"2.2.1\"'
ECHO_C=''
ECHO_N='-n'
ECHO_T=''
INSTALL_DATA='${INSTALL} -m 644'
INSTALL_PROGRAM='${INSTALL}'
INSTALL_SCRIPT='${INSTALL}'
INSTALL_STRIP_PROGRAM='$(install_sh) -c -s'
LIBOBJS=''
LIBS=''
LTLIBOBJS=''
MAKEINFO='${SHELL} /home_nfs/georgioy/BENCHS/esp-2.2.1/config/missing --run makeinfo'
PACKAGE='esp'
PACKAGE_BUGREPORT='rkowen_at_nersc.gov'
PACKAGE_NAME='ESP'
PACKAGE_STRING='ESP 2.2.1'
PACKAGE_TARNAME='esp'
PACKAGE_VERSION='2.2.1'
PATH_SEPARATOR=':'
SET_MAKE=''
SHELL='/bin/sh'
STRIP=''
VERSION='2.2.1'
am__isrc=''
am__leading_dot='.'
am__tar='${AMTAR} chof - "$$tardir"'
am__untar='${AMTAR} xf -'
bindir='${exec_prefix}/bin'
build_alias=''
datadir='${datarootdir}'
datarootdir='${prefix}/share'
docdir='${datarootdir}/doc/${PACKAGE_TARNAME}'
dvidir='${docdir}'
exec_prefix='${prefix}'
host_alias=''
htmldir='${docdir}'
includedir='${prefix}/include'
infodir='${datarootdir}/info'
install_sh='$(SHELL) /home_nfs/georgioy/BENCHS/esp-2.2.1/config/install-sh'
libdir='${exec_prefix}/lib'
libexecdir='${exec_prefix}/libexec'
localedir='${datarootdir}/locale'
localstatedir='${prefix}/var'
mandir='${datarootdir}/man'
mkdir_p='/bin/mkdir -p'
oldincludedir='/usr/include'
pdfdir='${docdir}'
prefix='/home_nfs/georgioy/BENCHS/esp-2.2.1'
program_transform_name='s,x,x,'
psdir='${docdir}'
sbindir='${exec_prefix}/sbin'
sharedstatedir='${prefix}/com'
subdirs=' src'
sysconfdir='${prefix}/etc'
target_alias=''

configure: exit 1
