This file contains any messages produced by compilers while
running configure, to aid debugging if configure makes a mistake.

It was created by esp configure 2.2.0, which was
generated by GNU Autoconf 2.61.  Invocation command line was

  $ ./configure --prefix=/home_nfs/georgioy/BENCHS/esp-2.2.1 --cache-file=/dev/null --srcdir=.

## --------- ##
## Platform. ##
## --------- ##

hostname = bullx96
uname -m = x86_64
uname -r = 2.6.32.9-21.fc12.Bull.5.x86_64
uname -s = Linux
uname -v = #1 SMP Tue Mar 16 04:16:43 CET 2010

/usr/bin/uname -p = unknown
/bin/uname -X     = unknown

/bin/arch              = x86_64
/usr/bin/arch -k       = unknown
/usr/convex/getsysinfo = unknown
/usr/bin/hostinfo      = unknown
/bin/machine           = unknown
/usr/bin/oslevel       = unknown
/bin/universe          = unknown

PATH: /opt/mpi/bullxmpi/1.0.1/bin
PATH: /usr/local/slurm-2.2.0-0.pre4/alias-bin
PATH: /usr/kerberos/sbin
PATH: /usr/kerberos/bin
PATH: /opt/cuda/2.3//bin
PATH: /usr/local/bin
PATH: /bin
PATH: /usr/bin
PATH: /usr/local/sbin
PATH: /usr/sbin
PATH: /sbin
PATH: /home_nfs/georgioy/bin


## ----------- ##
## Core tests. ##
## ----------- ##

configure:1774: checking for a BSD-compatible install
configure:1830: result: /usr/bin/install -c
configure:1841: checking whether build environment is sane
configure:1884: result: yes
configure:1912: checking for a thread-safe mkdir -p
configure:1951: result: /bin/mkdir -p
configure:1964: checking for gawk
configure:1980: found /bin/gawk
configure:1991: result: gawk
configure:2002: checking whether make sets $(MAKE)
configure:2023: result: yes
configure:2214: checking whether make sets $(MAKE)
configure:2235: result: yes
configure:2256: checking for style of include used by make
configure:2284: result: GNU
configure:2354: checking for gcc
configure:2381: result: mpiCC
configure:2619: checking for C compiler version
configure:2626: mpiCC --version >&5
--------------------------------------------------------------------------
The Open MPI wrapper compiler was unable to find the specified compiler
icpc in your PATH.

Note that this compiler was either specified at configure time or in
one of several possible environment variables.
--------------------------------------------------------------------------
configure:2629: $? = 1
configure:2636: mpiCC -v >&5
--------------------------------------------------------------------------
The Open MPI wrapper compiler was unable to find the specified compiler
icpc in your PATH.

Note that this compiler was either specified at configure time or in
one of several possible environment variables.
--------------------------------------------------------------------------
configure:2639: $? = 1
configure:2646: mpiCC -V >&5
--------------------------------------------------------------------------
The Open MPI wrapper compiler was unable to find the specified compiler
icpc in your PATH.

Note that this compiler was either specified at configure time or in
one of several possible environment variables.
--------------------------------------------------------------------------
configure:2649: $? = 1
configure:2672: checking for C compiler default output file name
configure:2699: mpiCC    conftest.c  >&5
--------------------------------------------------------------------------
The Open MPI wrapper compiler was unable to find the specified compiler
icpc in your PATH.

Note that this compiler was either specified at configure time or in
one of several possible environment variables.
--------------------------------------------------------------------------
configure:2702: $? = 1
configure:2740: result: 
configure: failed program was:
| /* confdefs.h.  */
| #define PACKAGE_NAME "esp"
| #define PACKAGE_TARNAME "esp"
| #define PACKAGE_VERSION "2.2.0"
| #define PACKAGE_STRING "esp 2.2.0"
| #define PACKAGE_BUGREPORT "rkowen@nersc.gov"
| #define PACKAGE "esp"
| #define VERSION "2.2.0"
| /* end confdefs.h.  */
| 
| int
| main ()
| {
| 
|   ;
|   return 0;
| }
configure:2747: error: C compiler cannot create executables
See `config.log' for more details.

## ---------------- ##
## Cache variables. ##
## ---------------- ##

ac_cv_env_CC_set=set
ac_cv_env_CC_value=mpiCC
ac_cv_env_CFLAGS_set=
ac_cv_env_CFLAGS_value=
ac_cv_env_CPPFLAGS_set=
ac_cv_env_CPPFLAGS_value=
ac_cv_env_CPP_set=
ac_cv_env_CPP_value=
ac_cv_env_LDFLAGS_set=
ac_cv_env_LDFLAGS_value=
ac_cv_env_LIBS_set=
ac_cv_env_LIBS_value=
ac_cv_env_build_alias_set=
ac_cv_env_build_alias_value=
ac_cv_env_host_alias_set=
ac_cv_env_host_alias_value=
ac_cv_env_target_alias_set=
ac_cv_env_target_alias_value=
ac_cv_path_install='/usr/bin/install -c'
ac_cv_path_mkdir=/bin/mkdir
ac_cv_prog_AWK=gawk
ac_cv_prog_ac_ct_CC=mpiCC
ac_cv_prog_make_make_set=yes

## ----------------- ##
## Output variables. ##
## ----------------- ##

ACLOCAL='${SHELL} /home_nfs/georgioy/BENCHS/esp-2.2.1/src/config/missing --run aclocal-1.10'
AMDEPBACKSLASH='\'
AMDEP_FALSE='#'
AMDEP_TRUE=''
AMTAR='${SHELL} /home_nfs/georgioy/BENCHS/esp-2.2.1/src/config/missing --run tar'
AUTOCONF='${SHELL} /home_nfs/georgioy/BENCHS/esp-2.2.1/src/config/missing --run autoconf'
AUTOHEADER='${SHELL} /home_nfs/georgioy/BENCHS/esp-2.2.1/src/config/missing --run autoheader'
AUTOMAKE='${SHELL} /home_nfs/georgioy/BENCHS/esp-2.2.1/src/config/missing --run automake-1.10'
AWK='gawk'
CC='mpiCC'
CCDEPMODE=''
CFLAGS=''
CPP=''
CPPFLAGS=''
CYGPATH_W='echo'
DEFS=''
DEPDIR='.deps'
ECHO_C=''
ECHO_N='-n'
ECHO_T=''
EGREP=''
EXEEXT=''
GREP=''
INSTALL_DATA='${INSTALL} -m 644'
INSTALL_PROGRAM='${INSTALL}'
INSTALL_SCRIPT='${INSTALL}'
INSTALL_STRIP_PROGRAM='$(install_sh) -c -s'
LDFLAGS=''
LIBOBJS=''
LIBS=''
LTLIBOBJS=''
MAKEINFO='${SHELL} /home_nfs/georgioy/BENCHS/esp-2.2.1/src/config/missing --run makeinfo'
OBJEXT=''
PACKAGE='esp'
PACKAGE_BUGREPORT='rkowen@nersc.gov'
PACKAGE_NAME='esp'
PACKAGE_STRING='esp 2.2.0'
PACKAGE_TARNAME='esp'
PACKAGE_VERSION='2.2.0'
PATH_SEPARATOR=':'
SET_MAKE=''
SHELL='/bin/sh'
STRIP=''
VERSION='2.2.0'
ac_ct_CC='mpiCC'
am__fastdepCC_FALSE=''
am__fastdepCC_TRUE=''
am__include='include'
am__isrc=''
am__leading_dot='.'
am__quote=''
am__tar='${AMTAR} chof - "$$tardir"'
am__untar='${AMTAR} xf -'
bindir='${exec_prefix}/bin'
build_alias=''
datadir='${datarootdir}'
datarootdir='${prefix}/share'
docdir='${datarootdir}/doc/${PACKAGE_TARNAME}'
dvidir='${docdir}'
exec_prefix='NONE'
host_alias=''
htmldir='${docdir}'
includedir='${prefix}/include'
infodir='${datarootdir}/info'
install_sh='$(SHELL) /home_nfs/georgioy/BENCHS/esp-2.2.1/src/config/install-sh'
libdir='${exec_prefix}/lib'
libexecdir='${exec_prefix}/libexec'
localedir='${datarootdir}/locale'
localstatedir='${prefix}/var'
mandir='${datarootdir}/man'
mkdir_p='/bin/mkdir -p'
oldincludedir='/usr/include'
pdfdir='${docdir}'
prefix='/home_nfs/georgioy/BENCHS/esp-2.2.1'
program_transform_name='s,x,x,'
psdir='${docdir}'
sbindir='${exec_prefix}/sbin'
sharedstatedir='${prefix}/com'
sysconfdir='${prefix}/etc'
target_alias=''

## ----------- ##
## confdefs.h. ##
## ----------- ##

#define PACKAGE_NAME "esp"
#define PACKAGE_TARNAME "esp"
#define PACKAGE_VERSION "2.2.0"
#define PACKAGE_STRING "esp 2.2.0"
#define PACKAGE_BUGREPORT "rkowen@nersc.gov"
#define PACKAGE "esp"
#define VERSION "2.2.0"

configure: exit 77
